<?xml version="1.0" encoding="UTF-8"?>
<!-- Generated by org.testng.reporters.JUnitReportReporter -->
<testsuite hostname="DESKTOP-8K3S798" failures="0" tests="1" name="test_get01" time="2.203" errors="0" timestamp="2023-10-12T14:20:15 IST" skipped="0">
  <testcase classname="test_get01" name="test1" time="2.203"/>
  <system-out/>
</testsuite> <!-- test_get01 -->
